2017-03-17 14:10:15,878 [Thread-5:5060] [scantool.views:16] [views:webscan] [ERROR]- 'NoneType' object has no attribute 'startswith'
2017-03-17 15:55:42,166 [Thread-6:912] [scantool.views:50] [views:search] [ERROR]- 'NoneType' object has no attribute 'replace'
2017-03-17 16:18:46,471 [Thread-4:7348] [scantool.views:49] [views:search] [ERROR]- 'NoneType' object has no attribute 'replace'
2017-03-17 16:21:13,545 [Thread-9:12000] [scantool.views:49] [views:search] [ERROR]- 'NoneType' object has no attribute 'replace'
2017-03-18 15:14:12,707 [Thread-5:8640] [scantool.views:38] [views:webscan] [ERROR]- 'NoneType' object has no attribute 'startswith'
2017-03-18 15:16:45,576 [Thread-9:1932] [scantool.views:49] [views:search] [ERROR]- 'NoneType' object has no attribute 'replace'
2017-03-18 15:16:47,581 [Thread-11:7988] [scantool.views:49] [views:search] [ERROR]- local variable 'conn' referenced before assignment
2017-03-18 15:19:35,792 [Thread-12:2404] [scantool.views:49] [views:search] [ERROR]- local variable 'conn' referenced before assignment
2017-03-18 15:19:45,519 [Thread-13:8260] [scantool.views:49] [views:search] [ERROR]- local variable 'conn' referenced before assignment
2017-03-26 17:38:54,306 [Thread-5:7564] [scantool.views:38] [views:webscan] [ERROR]- 'NoneType' object has no attribute 'startswith'
2017-03-26 17:39:00,298 [Thread-7:2744] [scantool.views:49] [views:search] [ERROR]- 'NoneType' object has no attribute 'replace'
2017-03-26 17:58:53,289 [Thread-3:10220] [scantool.views:51] [views:search] [ERROR]- 'NoneType' object has no attribute 'replace'
2017-03-26 18:00:05,783 [Thread-2:9100] [scantool.views:51] [views:search] [ERROR]- 'builtin_function_or_method' object is not subscriptable
2017-03-26 18:00:10,075 [Thread-4:5596] [scantool.views:51] [views:search] [ERROR]- 'builtin_function_or_method' object is not subscriptable
2017-03-26 18:00:21,425 [Thread-5:7880] [scantool.views:51] [views:search] [ERROR]- 'builtin_function_or_method' object is not subscriptable
2017-03-26 18:00:38,466 [Thread-6:9004] [scantool.views:51] [views:search] [ERROR]- 'NoneType' object has no attribute 'replace'
2017-03-26 18:00:41,483 [Thread-9:9912] [scantool.views:51] [views:search] [ERROR]- 'builtin_function_or_method' object is not subscriptable
2017-03-26 18:01:03,262 [Thread-10:228] [scantool.views:51] [views:search] [ERROR]- 'builtin_function_or_method' object is not subscriptable
2017-03-26 18:01:38,111 [Thread-2:9076] [scantool.views:50] [views:search] [ERROR]- 'NoneType' object has no attribute 'replace'
2017-03-26 18:03:59,620 [Thread-2:7124] [scantool.views:49] [views:search] [ERROR]- 'NoneType' object has no attribute 'replace'
2017-03-26 18:04:17,712 [Thread-2:9912] [scantool.views:49] [views:search] [ERROR]- 'NoneType' object has no attribute 'replace'
2017-03-26 18:04:29,960 [Thread-2:6960] [scantool.views:49] [views:search] [ERROR]- 'NoneType' object has no attribute 'replace'
2017-03-26 18:04:49,693 [Thread-3:9636] [scantool.views:49] [views:search] [ERROR]- 'NoneType' object has no attribute 'replace'
2017-03-26 18:04:56,426 [Thread-2:9808] [scantool.views:49] [views:search] [ERROR]- 'NoneType' object has no attribute 'replace'
2017-03-26 18:33:32,928 [Thread-3:1116] [scantool.views:56] [views:search] [ERROR]- 'NoneType' object has no attribute 'replace'
2017-03-26 18:33:34,489 [Thread-4:7624] [scantool.views:56] [views:search] [ERROR]- not enough values to unpack (expected 2, got 1)
2017-03-26 18:35:25,267 [Thread-2:9660] [scantool.views:58] [views:search] [ERROR]- 'NoneType' object has no attribute 'replace'
2017-03-26 18:35:28,673 [Thread-3:7280] [scantool.views:58] [views:search] [ERROR]- httpdata matching query does not exist.
2017-03-26 18:35:58,212 [Thread-5:9084] [scantool.views:58] [views:search] [ERROR]- httpdata matching query does not exist.
2017-03-26 18:36:11,316 [Thread-6:9452] [scantool.views:58] [views:search] [ERROR]- 'httpdata' object is not iterable
2017-03-26 18:38:54,967 [Thread-2:10224] [scantool.views:58] [views:search] [ERROR]- 'NoneType' object has no attribute 'replace'
2017-03-26 18:38:56,692 [Thread-3:9476] [scantool.views:58] [views:search] [ERROR]- Cannot resolve keyword 'Name' into field. Choices are: header, id, ip, title
2017-03-26 18:42:20,962 [Thread-2:6224] [scantool.views:58] [views:search] [ERROR]- 'NoneType' object has no attribute 'replace'
2017-03-26 18:49:37,813 [Thread-2:9328] [scantool.views:55] [views:search] [ERROR]- 'NoneType' object has no attribute 'replace'
2017-03-26 18:51:11,606 [Thread-4:10236] [scantool.views:55] [views:search] [ERROR]- 'NoneType' object has no attribute 'replace'
2017-03-26 18:55:00,291 [Thread-2:7140] [scantool.views:55] [views:search] [ERROR]- Cannot resolve keyword '' into field. Choices are: header, id, ip, title
2017-03-26 18:55:03,365 [Thread-3:9312] [scantool.views:55] [views:search] [ERROR]- Cannot resolve keyword '' into field. Choices are: header, id, ip, title
2017-03-26 18:55:12,663 [Thread-4:8892] [scantool.views:55] [views:search] [ERROR]- Cannot resolve keyword '' into field. Choices are: header, id, ip, title
2017-03-26 18:55:14,753 [Thread-5:9904] [scantool.views:55] [views:search] [ERROR]- Cannot resolve keyword '' into field. Choices are: header, id, ip, title
2017-03-26 19:18:18,664 [Thread-3:6652] [scantool.views:55] [views:search] [ERROR]- 'NoneType' object has no attribute 'replace'
2017-03-26 19:18:35,617 [Thread-5:3880] [scantool.views:55] [views:search] [ERROR]- 'NoneType' object has no attribute 'replace'
2017-03-26 19:19:33,978 [Thread-7:10044] [scantool.views:55] [views:search] [ERROR]- 'NoneType' object has no attribute 'replace'
2017-03-26 19:20:49,153 [Thread-2:10076] [scantool.views:55] [views:search] [ERROR]- 'NoneType' object has no attribute 'replace'
2017-03-26 19:20:51,960 [Thread-3:5576] [scantool.views:55] [views:search] [ERROR]- 'NoneType' object has no attribute 'replace'
2017-03-26 19:21:04,569 [Thread-5:6768] [scantool.views:55] [views:search] [ERROR]- 'NoneType' object has no attribute 'replace'
2017-03-26 19:22:47,338 [Thread-8:2932] [scantool.views:55] [views:search] [ERROR]- 'NoneType' object has no attribute 'replace'
2017-03-26 19:24:26,705 [Thread-10:7372] [scantool.views:55] [views:search] [ERROR]- 'NoneType' object has no attribute 'replace'
2017-03-26 19:25:16,089 [Thread-11:6216] [scantool.views:55] [views:search] [ERROR]- 'NoneType' object has no attribute 'replace'
2017-03-26 19:25:26,218 [Thread-13:7460] [scantool.views:55] [views:search] [ERROR]- 'NoneType' object has no attribute 'replace'
2017-03-26 19:25:36,624 [Thread-16:10164] [scantool.views:55] [views:search] [ERROR]- 'NoneType' object has no attribute 'replace'
2017-03-26 19:26:19,330 [Thread-18:9468] [scantool.views:55] [views:search] [ERROR]- 'NoneType' object has no attribute 'replace'
2017-03-26 19:26:54,189 [Thread-3:10140] [scantool.views:55] [views:search] [ERROR]- 'NoneType' object has no attribute 'replace'
2017-03-26 19:28:08,270 [Thread-2:8684] [scantool.views:55] [views:search] [ERROR]- 'NoneType' object has no attribute 'replace'
2017-03-26 19:30:38,794 [Thread-3:7532] [scantool.views:57] [views:search] [ERROR]- local variable 'result_list' referenced before assignment
2017-03-26 19:35:21,044 [Thread-2:7788] [scantool.views:55] [views:search] [ERROR]- local variable 'result_list' referenced before assignment
2017-03-26 19:35:35,284 [Thread-4:8792] [scantool.views:55] [views:search] [ERROR]- local variable 'result_list' referenced before assignment
2017-03-26 19:37:35,435 [Thread-9:5272] [scantool.views:55] [views:search] [ERROR]- local variable 'result_list' referenced before assignment
2017-03-26 19:38:43,082 [Thread-11:8708] [scantool.views:55] [views:search] [ERROR]- local variable 'result_list' referenced before assignment
2017-03-26 19:38:48,121 [Thread-13:9408] [scantool.views:55] [views:search] [ERROR]- local variable 'result_list' referenced before assignment
2017-03-26 19:38:56,796 [Thread-15:9268] [scantool.views:55] [views:search] [ERROR]- local variable 'result_list' referenced before assignment
2017-03-26 19:41:13,426 [Thread-6:8664] [scantool.views:53] [views:search] [ERROR]- local variable 'result_list' referenced before assignment
2017-03-26 19:41:57,524 [Thread-7:9156] [scantool.views:53] [views:search] [ERROR]- local variable 'result_list' referenced before assignment
2017-03-26 19:55:18,096 [Thread-7:9936] [scantool.views:36] [views:search] [ERROR]- local variable 'result_list' referenced before assignment
2017-03-26 20:08:40,223 [Thread-2:9164] [scantool.views:37] [views:search] [ERROR]- local variable 'result_list' referenced before assignment
2017-03-26 20:09:31,191 [Thread-2:6216] [scantool.views:38] [views:search] [ERROR]- local variable 'result_list' referenced before assignment
2017-03-26 20:09:58,061 [Thread-3:10196] [scantool.views:38] [views:search] [ERROR]- local variable 'result_list' referenced before assignment
2017-03-26 20:12:56,977 [Thread-2:9188] [scantool.views:45] [views:search] [ERROR]- local variable 'result_list' referenced before assignment
2017-03-26 20:13:06,190 [Thread-3:8708] [scantool.views:45] [views:search] [ERROR]- local variable 'result_list' referenced before assignment
2017-03-26 20:17:41,251 [Thread-9:10012] [scantool.views:45] [views:search] [ERROR]- local variable 'result_list' referenced before assignment
2017-03-29 20:53:38,417 [Thread-5:6244] [scantool.views:23] [views:webscan] [ERROR]- 'NoneType' object has no attribute 'startswith'
2017-03-29 20:53:51,499 [Thread-7:7484] [scantool.views:45] [views:search] [ERROR]- local variable 'result_list' referenced before assignment
2017-03-29 20:54:03,972 [Thread-12:9896] [scantool.views:23] [views:webscan] [ERROR]- 'NoneType' object has no attribute 'startswith'
2017-03-30 21:38:13,651 [Thread-4:9656] [scantool.views:41] [views:search] [ERROR]- local variable 'result_list' referenced before assignment
2017-03-30 21:38:19,883 [Thread-6:8900] [scantool.views:19] [views:webscan] [ERROR]- 'NoneType' object has no attribute 'startswith'
2017-03-30 21:53:42,966 [Thread-86:3424] [scantool.views:22] [views:webscan] [ERROR]- 'NoneType' object has no attribute 'startswith'
2017-03-30 21:54:08,207 [Thread-124:8132] [scantool.views:22] [views:webscan] [ERROR]- 'NoneType' object has no attribute 'startswith'
2017-03-30 21:54:18,854 [Thread-138:6424] [scantool.views:22] [views:webscan] [ERROR]- 'NoneType' object has no attribute 'startswith'
2017-03-30 21:57:03,725 [Thread-148:1380] [scantool.views:22] [views:webscan] [ERROR]- 'NoneType' object has no attribute 'startswith'
2017-03-30 22:12:07,367 [Thread-170:8112] [scantool.views:22] [views:webscan] [ERROR]- 'NoneType' object has no attribute 'startswith'
2017-03-30 22:12:40,564 [Thread-206:3264] [scantool.views:22] [views:webscan] [ERROR]- 'NoneType' object has no attribute 'startswith'
2017-03-30 22:13:01,414 [Thread-242:6496] [scantool.views:22] [views:webscan] [ERROR]- 'NoneType' object has no attribute 'startswith'
2017-03-30 22:13:24,608 [Thread-275:7868] [scantool.views:22] [views:webscan] [ERROR]- 'NoneType' object has no attribute 'startswith'
2017-03-30 22:14:48,166 [Thread-310:9960] [scantool.views:22] [views:webscan] [ERROR]- 'NoneType' object has no attribute 'startswith'
2017-03-30 22:15:43,029 [Thread-355:9296] [scantool.views:22] [views:webscan] [ERROR]- 'NoneType' object has no attribute 'startswith'
2017-03-30 22:15:53,093 [Thread-383:3052] [scantool.views:22] [views:webscan] [ERROR]- 'NoneType' object has no attribute 'startswith'
2017-03-30 22:16:16,006 [Thread-408:3332] [scantool.views:22] [views:webscan] [ERROR]- 'NoneType' object has no attribute 'startswith'
2017-03-30 22:17:53,654 [Thread-431:9424] [scantool.views:22] [views:webscan] [ERROR]- 'NoneType' object has no attribute 'startswith'
2017-03-30 22:18:33,033 [Thread-25:7076] [scantool.views:22] [views:webscan] [ERROR]- 'NoneType' object has no attribute 'startswith'
2017-03-30 22:19:25,092 [Thread-45:5156] [scantool.views:22] [views:webscan] [ERROR]- 'NoneType' object has no attribute 'startswith'
2017-03-30 22:20:00,607 [Thread-14:9404] [scantool.views:22] [views:webscan] [ERROR]- 'NoneType' object has no attribute 'startswith'
2017-03-30 22:20:23,109 [Thread-28:3872] [scantool.views:22] [views:webscan] [ERROR]- 'NoneType' object has no attribute 'startswith'
2017-03-30 22:20:56,352 [Thread-33:9104] [scantool.views:22] [views:webscan] [ERROR]- 'NoneType' object has no attribute 'startswith'
2017-03-30 22:23:14,326 [Thread-39:7172] [scantool.views:22] [views:webscan] [ERROR]- 'NoneType' object has no attribute 'startswith'
2017-03-30 22:24:01,330 [Thread-46:8216] [scantool.views:44] [views:search] [ERROR]- local variable 'result_list' referenced before assignment
2017-03-30 22:24:22,704 [Thread-2:9684] [scantool.views:22] [views:webscan] [ERROR]- 'NoneType' object has no attribute 'startswith'
2017-03-30 22:25:09,515 [Thread-16:6724] [scantool.views:22] [views:webscan] [ERROR]- 'NoneType' object has no attribute 'startswith'
2017-03-30 22:26:19,615 [Thread-26:10084] [scantool.views:22] [views:webscan] [ERROR]- 'NoneType' object has no attribute 'startswith'
2017-03-30 22:27:27,394 [Thread-36:8324] [scantool.views:22] [views:webscan] [ERROR]- 'NoneType' object has no attribute 'startswith'
2017-03-30 22:27:37,592 [Thread-46:9884] [scantool.views:22] [views:webscan] [ERROR]- 'NoneType' object has no attribute 'startswith'
2017-03-30 22:27:47,359 [Thread-57:9228] [scantool.views:22] [views:webscan] [ERROR]- 'NoneType' object has no attribute 'startswith'
2017-03-30 22:27:55,394 [Thread-67:4928] [scantool.views:22] [views:webscan] [ERROR]- 'NoneType' object has no attribute 'startswith'
2017-03-30 22:29:17,412 [Thread-78:10068] [scantool.views:22] [views:webscan] [ERROR]- 'NoneType' object has no attribute 'startswith'
2017-03-30 22:29:27,384 [Thread-91:8876] [scantool.views:22] [views:webscan] [ERROR]- 'NoneType' object has no attribute 'startswith'
2017-03-30 22:29:33,651 [Thread-100:2932] [scantool.views:22] [views:webscan] [ERROR]- 'NoneType' object has no attribute 'startswith'
2017-03-30 22:30:40,026 [Thread-108:8368] [scantool.views:22] [views:webscan] [ERROR]- 'NoneType' object has no attribute 'startswith'
2017-03-30 22:30:43,297 [Thread-133:7528] [scantool.views:22] [views:webscan] [ERROR]- 'NoneType' object has no attribute 'startswith'
2017-03-30 22:31:01,282 [Thread-158:8548] [scantool.views:22] [views:webscan] [ERROR]- 'NoneType' object has no attribute 'startswith'
2017-03-30 22:31:02,609 [Thread-179:9120] [scantool.views:22] [views:webscan] [ERROR]- 'NoneType' object has no attribute 'startswith'
2017-03-30 22:31:14,144 [Thread-194:8820] [scantool.views:22] [views:webscan] [ERROR]- 'NoneType' object has no attribute 'startswith'
2017-03-30 22:31:15,585 [Thread-205:3540] [scantool.views:22] [views:webscan] [ERROR]- 'NoneType' object has no attribute 'startswith'
2017-03-30 22:31:17,041 [Thread-206:9492] [scantool.views:22] [views:webscan] [ERROR]- 'NoneType' object has no attribute 'startswith'
2017-03-30 22:33:36,260 [Thread-232:2808] [scantool.views:22] [views:webscan] [ERROR]- 'NoneType' object has no attribute 'startswith'
2017-03-30 22:33:37,687 [Thread-237:9244] [scantool.views:22] [views:webscan] [ERROR]- 'NoneType' object has no attribute 'startswith'
2017-03-30 22:33:39,946 [Thread-238:7420] [scantool.views:22] [views:webscan] [ERROR]- 'NoneType' object has no attribute 'startswith'
2017-03-30 22:33:43,929 [Thread-240:7548] [scantool.views:22] [views:webscan] [ERROR]- 'NoneType' object has no attribute 'startswith'
2017-03-30 22:34:02,754 [Thread-262:8892] [scantool.views:22] [views:webscan] [ERROR]- 'NoneType' object has no attribute 'startswith'
2017-03-30 22:34:03,893 [Thread-269:9104] [scantool.views:44] [views:search] [ERROR]- local variable 'result_list' referenced before assignment
2017-03-30 22:34:06,555 [Thread-270:8876] [scantool.views:22] [views:webscan] [ERROR]- 'NoneType' object has no attribute 'startswith'
2017-03-30 22:35:10,662 [Thread-292:7456] [scantool.views:22] [views:webscan] [ERROR]- 'NoneType' object has no attribute 'startswith'
2017-03-30 22:35:11,721 [Thread-299:2284] [scantool.views:44] [views:search] [ERROR]- local variable 'result_list' referenced before assignment
2017-03-30 22:35:13,697 [Thread-300:7556] [scantool.views:22] [views:webscan] [ERROR]- 'NoneType' object has no attribute 'startswith'
2017-03-30 22:35:55,517 [Thread-323:9000] [scantool.views:22] [views:webscan] [ERROR]- 'NoneType' object has no attribute 'startswith'
2017-03-30 22:35:57,017 [Thread-327:1344] [scantool.views:22] [views:webscan] [ERROR]- 'NoneType' object has no attribute 'startswith'
2017-03-30 22:35:58,425 [Thread-328:10120] [scantool.views:22] [views:webscan] [ERROR]- 'NoneType' object has no attribute 'startswith'
2017-03-30 22:38:42,383 [Thread-344:3408] [scantool.views:22] [views:webscan] [ERROR]- 'NoneType' object has no attribute 'startswith'
2017-03-30 22:38:43,834 [Thread-362:6452] [scantool.views:22] [views:webscan] [ERROR]- 'NoneType' object has no attribute 'startswith'
2017-03-30 22:38:45,259 [Thread-365:8280] [scantool.views:22] [views:webscan] [ERROR]- 'NoneType' object has no attribute 'startswith'
2017-03-30 22:42:22,611 [Thread-367:3484] [scantool.views:22] [views:webscan] [ERROR]- 'NoneType' object has no attribute 'startswith'
2017-03-30 22:42:26,423 [Thread-368:9312] [scantool.views:22] [views:webscan] [ERROR]- 'NoneType' object has no attribute 'startswith'
2017-03-30 22:42:29,388 [Thread-371:7236] [scantool.views:22] [views:webscan] [ERROR]- 'NoneType' object has no attribute 'startswith'
2017-03-30 22:43:25,363 [Thread-372:1860] [scantool.views:22] [views:webscan] [ERROR]- 'NoneType' object has no attribute 'startswith'
2017-03-30 22:43:27,650 [Thread-375:8728] [scantool.views:22] [views:webscan] [ERROR]- 'NoneType' object has no attribute 'startswith'
2017-03-30 22:43:29,804 [Thread-376:8224] [scantool.views:22] [views:webscan] [ERROR]- 'NoneType' object has no attribute 'startswith'
2017-03-30 22:43:31,289 [Thread-379:7804] [scantool.views:22] [views:webscan] [ERROR]- 'NoneType' object has no attribute 'startswith'
2017-03-30 22:43:32,236 [Thread-392:7816] [scantool.views:22] [views:webscan] [ERROR]- 'NoneType' object has no attribute 'startswith'
2017-03-30 22:43:32,266 [Thread-402:9496] [scantool.views:22] [views:webscan] [ERROR]- 'NoneType' object has no attribute 'startswith'
2017-03-30 22:44:11,680 [Thread-436:4584] [scantool.views:22] [views:webscan] [ERROR]- 'NoneType' object has no attribute 'startswith'
2017-03-30 22:44:18,700 [Thread-462:7876] [scantool.views:22] [views:webscan] [ERROR]- 'NoneType' object has no attribute 'startswith'
2017-03-30 22:44:30,054 [Thread-486:9928] [scantool.views:22] [views:webscan] [ERROR]- 'NoneType' object has no attribute 'startswith'
2017-03-30 22:44:31,126 [Thread-498:10060] [scantool.views:22] [views:webscan] [ERROR]- 'NoneType' object has no attribute 'startswith'
2017-03-30 22:44:32,307 [Thread-501:2428] [scantool.views:22] [views:webscan] [ERROR]- 'NoneType' object has no attribute 'startswith'
2017-03-30 22:44:36,257 [Thread-503:9060] [scantool.views:22] [views:webscan] [ERROR]- 'NoneType' object has no attribute 'startswith'
2017-03-30 22:44:39,859 [Thread-517:7904] [scantool.views:22] [views:webscan] [ERROR]- 'NoneType' object has no attribute 'startswith'
2017-03-30 22:46:43,424 [Thread-535:9176] [scantool.views:22] [views:webscan] [ERROR]- 'NoneType' object has no attribute 'startswith'
2017-03-30 22:47:02,845 [Thread-568:10048] [scantool.views:22] [views:webscan] [ERROR]- 'NoneType' object has no attribute 'startswith'
2017-03-30 22:47:17,887 [Thread-601:1568] [scantool.views:22] [views:webscan] [ERROR]- 'NoneType' object has no attribute 'startswith'
2017-03-30 22:47:52,453 [Thread-621:8656] [scantool.views:22] [views:webscan] [ERROR]- 'NoneType' object has no attribute 'startswith'
2017-03-30 22:48:00,113 [Thread-628:5100] [scantool.views:44] [views:search] [ERROR]- local variable 'result_list' referenced before assignment
2017-03-30 22:49:09,157 [Thread-685:9124] [scantool.views:22] [views:webscan] [ERROR]- 'NoneType' object has no attribute 'startswith'
2017-03-30 22:49:26,863 [Thread-722:9908] [scantool.views:22] [views:webscan] [ERROR]- 'NoneType' object has no attribute 'startswith'
2017-03-30 22:49:34,630 [Thread-734:7540] [scantool.views:22] [views:webscan] [ERROR]- 'NoneType' object has no attribute 'startswith'
2017-03-30 22:49:37,504 [Thread-735:996] [scantool.views:22] [views:webscan] [ERROR]- 'NoneType' object has no attribute 'startswith'
2017-03-30 22:49:38,777 [Thread-738:9120] [scantool.views:22] [views:webscan] [ERROR]- 'NoneType' object has no attribute 'startswith'
2017-03-30 22:49:41,428 [Thread-740:8852] [scantool.views:22] [views:webscan] [ERROR]- 'NoneType' object has no attribute 'startswith'
2017-03-30 22:50:25,148 [Thread-753:10172] [scantool.views:22] [views:webscan] [ERROR]- 'NoneType' object has no attribute 'startswith'
2017-03-30 22:50:34,604 [Thread-779:1240] [scantool.views:22] [views:webscan] [ERROR]- 'NoneType' object has no attribute 'startswith'
2017-03-30 22:50:40,419 [Thread-801:10128] [scantool.views:22] [views:webscan] [ERROR]- 'NoneType' object has no attribute 'startswith'
2017-03-30 22:50:46,307 [Thread-831:9440] [scantool.views:22] [views:webscan] [ERROR]- 'NoneType' object has no attribute 'startswith'
2017-03-30 22:50:49,142 [Thread-861:8876] [scantool.views:22] [views:webscan] [ERROR]- 'NoneType' object has no attribute 'startswith'
2017-03-30 22:51:34,883 [Thread-894:7048] [scantool.views:22] [views:webscan] [ERROR]- 'NoneType' object has no attribute 'startswith'
2017-03-30 22:51:37,255 [Thread-916:9968] [scantool.views:22] [views:webscan] [ERROR]- 'NoneType' object has no attribute 'startswith'
2017-03-30 22:51:38,642 [Thread-919:7112] [scantool.views:22] [views:webscan] [ERROR]- 'NoneType' object has no attribute 'startswith'
2017-03-30 22:51:39,579 [Thread-929:8556] [scantool.views:22] [views:webscan] [ERROR]- 'NoneType' object has no attribute 'startswith'
2017-03-30 22:53:03,948 [Thread-959:8596] [scantool.views:22] [views:webscan] [ERROR]- 'NoneType' object has no attribute 'startswith'
2017-03-30 22:53:06,702 [Thread-985:7996] [scantool.views:22] [views:webscan] [ERROR]- 'NoneType' object has no attribute 'startswith'
2017-03-30 22:53:21,393 [Thread-996:10188] [scantool.views:22] [views:webscan] [ERROR]- 'NoneType' object has no attribute 'startswith'
2017-03-30 22:53:25,256 [Thread-1008:8180] [scantool.views:22] [views:webscan] [ERROR]- 'NoneType' object has no attribute 'startswith'
2017-03-30 22:56:07,187 [Thread-1050:9364] [scantool.views:22] [views:webscan] [ERROR]- 'NoneType' object has no attribute 'startswith'
2017-03-30 22:56:19,792 [Thread-1079:8596] [scantool.views:22] [views:webscan] [ERROR]- 'NoneType' object has no attribute 'startswith'
2017-03-30 22:56:52,632 [Thread-1099:4064] [scantool.views:22] [views:webscan] [ERROR]- 'NoneType' object has no attribute 'startswith'
2017-03-30 22:57:03,408 [Thread-1118:1240] [scantool.views:22] [views:webscan] [ERROR]- 'NoneType' object has no attribute 'startswith'
2017-03-30 22:57:09,308 [Thread-1123:1512] [scantool.views:22] [views:webscan] [ERROR]- 'NoneType' object has no attribute 'startswith'
2017-03-30 22:57:49,471 [Thread-1133:5100] [scantool.views:22] [views:webscan] [ERROR]- 'NoneType' object has no attribute 'startswith'
2017-03-30 22:57:54,155 [Thread-1136:4832] [scantool.views:44] [views:search] [ERROR]- local variable 'result_list' referenced before assignment
2017-03-30 22:58:23,391 [Thread-1142:6868] [scantool.views:44] [views:search] [ERROR]- local variable 'result_list' referenced before assignment
2017-03-30 22:59:41,179 [Thread-1148:2688] [scantool.views:44] [views:search] [ERROR]- local variable 'result_list' referenced before assignment
2017-03-30 23:00:01,497 [Thread-1154:9296] [scantool.views:44] [views:search] [ERROR]- local variable 'result_list' referenced before assignment
2017-04-04 15:14:21,537 [Thread-4:9824] [scantool.views:22] [views:webscan] [ERROR]- 'NoneType' object has no attribute 'startswith'
2017-04-04 15:14:24,307 [Thread-9:9848] [scantool.views:44] [views:search] [ERROR]- local variable 'result_list' referenced before assignment
2017-04-04 15:18:24,369 [Thread-38:9660] [scantool.views:22] [views:webscan] [ERROR]- 'NoneType' object has no attribute 'startswith'
2017-04-04 15:19:41,499 [Thread-46:7172] [scantool.views:22] [views:webscan] [ERROR]- 'NoneType' object has no attribute 'startswith'
2017-04-04 15:19:42,345 [Thread-48:3720] [scantool.views:22] [views:webscan] [ERROR]- 'NoneType' object has no attribute 'startswith'
2017-04-04 15:22:53,304 [Thread-72:9948] [scantool.views:22] [views:webscan] [ERROR]- 'NoneType' object has no attribute 'startswith'
2017-04-04 15:23:18,108 [Thread-73:9552] [scantool.views:22] [views:webscan] [ERROR]- 'NoneType' object has no attribute 'startswith'
2017-04-04 15:23:34,420 [Thread-75:10132] [scantool.views:22] [views:webscan] [ERROR]- 'NoneType' object has no attribute 'startswith'
2017-04-04 15:23:35,520 [Thread-77:10100] [scantool.views:22] [views:webscan] [ERROR]- 'NoneType' object has no attribute 'startswith'
2017-04-04 15:23:36,229 [Thread-78:9692] [scantool.views:44] [views:search] [ERROR]- local variable 'result_list' referenced before assignment
2017-04-04 15:23:38,182 [Thread-80:9184] [scantool.views:22] [views:webscan] [ERROR]- 'NoneType' object has no attribute 'startswith'
2017-04-04 15:24:21,824 [Thread-83:4168] [scantool.views:22] [views:webscan] [ERROR]- 'NoneType' object has no attribute 'startswith'
2017-04-04 15:29:23,208 [Thread-97:7220] [scantool.views:22] [views:webscan] [ERROR]- 'NoneType' object has no attribute 'startswith'
2017-04-04 15:29:24,389 [Thread-98:10060] [scantool.views:44] [views:search] [ERROR]- local variable 'result_list' referenced before assignment
2017-04-04 15:29:27,289 [Thread-100:9920] [scantool.views:22] [views:webscan] [ERROR]- 'NoneType' object has no attribute 'startswith'
2017-04-04 15:32:04,079 [Thread-101:1632] [scantool.views:44] [views:search] [ERROR]- local variable 'result_list' referenced before assignment
2017-04-04 15:33:55,417 [Thread-106:9464] [scantool.views:22] [views:webscan] [ERROR]- 'NoneType' object has no attribute 'startswith'
2017-04-04 15:33:56,255 [Thread-107:8440] [scantool.views:44] [views:search] [ERROR]- local variable 'result_list' referenced before assignment
2017-04-04 15:47:20,773 [Thread-109:8624] [scantool.views:44] [views:search] [ERROR]- local variable 'result_list' referenced before assignment
2017-04-04 15:50:39,107 [Thread-3:3136] [scantool.views:22] [views:webscan] [ERROR]- 'NoneType' object has no attribute 'startswith'
2017-04-04 15:50:39,952 [Thread-4:9072] [scantool.views:44] [views:search] [ERROR]- local variable 'result_list' referenced before assignment
2017-04-04 15:50:44,876 [Thread-7:9244] [scantool.views:22] [views:webscan] [ERROR]- 'NoneType' object has no attribute 'startswith'
2017-04-04 15:50:45,826 [Thread-8:10044] [scantool.views:44] [views:search] [ERROR]- local variable 'result_list' referenced before assignment
2017-04-04 15:51:18,246 [Thread-13:3720] [scantool.views:22] [views:webscan] [ERROR]- 'NoneType' object has no attribute 'startswith'
2017-04-04 15:51:19,741 [Thread-15:9616] [scantool.views:44] [views:search] [ERROR]- local variable 'result_list' referenced before assignment
2017-04-04 15:51:21,432 [Thread-16:9880] [scantool.views:44] [views:search] [ERROR]- local variable 'result_list' referenced before assignment
2017-04-04 16:14:25,153 [Thread-19:1492] [scantool.views:22] [views:webscan] [ERROR]- 'NoneType' object has no attribute 'startswith'
2017-04-04 16:14:25,929 [Thread-20:4128] [scantool.views:44] [views:search] [ERROR]- local variable 'result_list' referenced before assignment
2017-04-04 16:20:21,766 [Thread-22:10136] [scantool.views:44] [views:search] [ERROR]- local variable 'result_list' referenced before assignment
2017-04-04 16:36:34,054 [Thread-24:10184] [scantool.views:44] [views:search] [ERROR]- local variable 'result_list' referenced before assignment
2017-04-04 19:44:04,034 [Thread-11:8276] [scantool.views:22] [views:webscan] [ERROR]- 'NoneType' object has no attribute 'startswith'
2017-04-04 19:44:05,231 [Thread-12:8284] [scantool.views:44] [views:search] [ERROR]- local variable 'result_list' referenced before assignment
2017-04-04 20:31:13,665 [Thread-13:3428] [scantool.views:22] [views:webscan] [ERROR]- 'NoneType' object has no attribute 'startswith'
2017-04-04 20:38:37,074 [Thread-2:8948] [scantool.views:22] [views:webscan] [ERROR]- 'NoneType' object has no attribute 'startswith'
2017-04-04 20:39:17,684 [Thread-4:4520] [scantool.views:22] [views:webscan] [ERROR]- 'NoneType' object has no attribute 'startswith'
2017-04-04 20:39:49,783 [Thread-2:8700] [scantool.views:22] [views:webscan] [ERROR]- 'NoneType' object has no attribute 'startswith'
2017-04-04 20:46:06,709 [Thread-6:6108] [scantool.views:22] [views:webscan] [ERROR]- 'NoneType' object has no attribute 'startswith'
2017-04-04 20:46:07,651 [Thread-7:9764] [scantool.views:44] [views:search] [ERROR]- local variable 'result_list' referenced before assignment
2017-04-04 20:54:23,205 [Thread-9:1808] [scantool.views:22] [views:webscan] [ERROR]- 'NoneType' object has no attribute 'startswith'
2017-04-04 20:54:32,205 [Thread-10:9500] [scantool.views:22] [views:webscan] [ERROR]- 'NoneType' object has no attribute 'startswith'
2017-04-04 20:54:32,947 [Thread-11:5312] [scantool.views:44] [views:search] [ERROR]- local variable 'result_list' referenced before assignment
2017-04-04 20:55:22,335 [Thread-12:8848] [scantool.views:44] [views:search] [ERROR]- local variable 'result_list' referenced before assignment
2017-04-04 21:00:25,537 [Thread-13:9440] [scantool.views:44] [views:search] [ERROR]- local variable 'result_list' referenced before assignment
2017-04-04 21:01:09,944 [Thread-15:9068] [scantool.views:44] [views:search] [ERROR]- local variable 'result_list' referenced before assignment
2017-04-04 21:01:31,448 [Thread-17:8752] [scantool.views:44] [views:search] [ERROR]- local variable 'result_list' referenced before assignment
2017-04-04 21:02:20,305 [Thread-19:8484] [scantool.views:44] [views:search] [ERROR]- local variable 'result_list' referenced before assignment
2017-04-04 21:02:35,326 [Thread-21:9088] [scantool.views:44] [views:search] [ERROR]- local variable 'result_list' referenced before assignment
2017-04-04 21:07:44,577 [Thread-23:9096] [scantool.views:44] [views:search] [ERROR]- local variable 'result_list' referenced before assignment
2017-04-04 21:09:59,421 [Thread-24:8828] [scantool.views:44] [views:search] [ERROR]- local variable 'result_list' referenced before assignment
2017-04-04 21:10:10,223 [Thread-25:9804] [scantool.views:44] [views:search] [ERROR]- local variable 'result_list' referenced before assignment
2017-04-04 21:10:46,326 [Thread-29:1260] [scantool.views:44] [views:search] [ERROR]- local variable 'result_list' referenced before assignment
2017-04-04 21:12:03,250 [Thread-30:6092] [scantool.views:44] [views:search] [ERROR]- local variable 'result_list' referenced before assignment
2017-04-04 21:12:05,687 [Thread-32:8592] [scantool.views:44] [views:search] [ERROR]- local variable 'result_list' referenced before assignment
2017-04-04 21:12:33,036 [Thread-33:10068] [scantool.views:44] [views:search] [ERROR]- local variable 'result_list' referenced before assignment
2017-04-04 21:17:58,321 [Thread-35:6520] [scantool.views:44] [views:search] [ERROR]- local variable 'result_list' referenced before assignment
2017-04-04 21:18:29,568 [Thread-37:6756] [scantool.views:44] [views:search] [ERROR]- local variable 'result_list' referenced before assignment
2017-04-04 21:18:54,982 [Thread-39:10160] [scantool.views:44] [views:search] [ERROR]- local variable 'result_list' referenced before assignment
2017-04-04 22:17:11,280 [Thread-167:10116] [scantool.views:22] [views:webscan] [ERROR]- 'NoneType' object has no attribute 'startswith'
2017-04-04 22:17:20,047 [Thread-169:9008] [scantool.views:44] [views:search] [ERROR]- local variable 'result_list' referenced before assignment
2017-04-04 22:17:57,034 [Thread-170:10148] [scantool.views:44] [views:search] [ERROR]- local variable 'result_list' referenced before assignment
2017-04-06 19:11:28,169 [Thread-6:6908] [scantool.views:44] [views:search] [ERROR]- local variable 'result_list' referenced before assignment
2017-04-06 19:11:28,901 [Thread-7:1036] [scantool.views:22] [views:webscan] [ERROR]- 'NoneType' object has no attribute 'startswith'
2017-04-06 20:55:17,707 [Thread-5:5620] [scantool.views:44] [views:search] [ERROR]- local variable 'result_list' referenced before assignment
2017-04-06 21:49:10,342 [Thread-2:7428] [scantool.views:44] [views:search] [ERROR]- local variable 'result_list' referenced before assignment
2017-04-06 21:49:12,439 [Thread-3:2656] [scantool.views:22] [views:webscan] [ERROR]- 'NoneType' object has no attribute 'startswith'
2017-04-06 21:59:09,429 [Thread-2:9120] [scantool.views:44] [views:search] [ERROR]- local variable 'result_list' referenced before assignment
2017-04-06 21:59:10,084 [Thread-3:8072] [scantool.views:22] [views:webscan] [ERROR]- 'NoneType' object has no attribute 'startswith'
2017-04-06 21:59:25,204 [Thread-5:6088] [scantool.views:22] [views:webscan] [ERROR]- 'NoneType' object has no attribute 'startswith'
2017-04-06 21:59:26,389 [Thread-6:1596] [scantool.views:44] [views:search] [ERROR]- local variable 'result_list' referenced before assignment
2017-04-07 09:52:57,805 [Thread-4:1476] [scantool.views:44] [views:search] [ERROR]- local variable 'result_list' referenced before assignment
2017-04-07 09:52:59,792 [Thread-6:7644] [scantool.views:22] [views:webscan] [ERROR]- 'NoneType' object has no attribute 'startswith'
2017-04-07 09:53:00,759 [Thread-7:968] [scantool.views:44] [views:search] [ERROR]- local variable 'result_list' referenced before assignment
2017-04-07 11:44:44,154 [Thread-2:7532] [scantool.views:45] [views:search] [ERROR]- local variable 'result_list' referenced before assignment
2017-04-07 11:45:59,829 [Thread-2:6152] [scantool.views:46] [views:search] [ERROR]- local variable 'result_list' referenced before assignment
2017-04-07 12:32:37,941 [Thread-4:10692] [scantool.views:45] [views:search] [ERROR]- local variable 'result_list' referenced before assignment
2017-04-07 13:04:58,151 [Thread-2:6944] [scantool.views:45] [views:search] [ERROR]- local variable 'result_list' referenced before assignment
2017-04-07 17:03:17,940 [Thread-8:3044] [scantool.views:45] [views:search] [ERROR]- local variable 'result_list' referenced before assignment
2017-04-07 17:03:18,619 [Thread-9:13112] [scantool.views:22] [views:webscan] [ERROR]- 'NoneType' object has no attribute 'startswith'
2017-04-08 11:55:34,418 [Thread-2:1824] [scantool.views:109] [views:scan] [ERROR]- (1146, "Table 'http_information.scantool_tasksdata' doesn't exist")
2017-04-08 11:55:47,369 [Thread-5:3672] [scantool.views:81] [views:addtask] [ERROR]- (1146, "Table 'http_information.scantool_tasksdata' doesn't exist")
2017-04-08 11:55:51,131 [Thread-6:8152] [scantool.views:109] [views:scan] [ERROR]- (1146, "Table 'http_information.scantool_tasksdata' doesn't exist")
2017-04-08 12:35:43,195 [Thread-2:9768] [scantool.views:112] [views:scan] [ERROR]- 
2017-04-08 12:36:14,959 [Thread-2:2924] [scantool.views:112] [views:scan] [ERROR]- 'tasksdata' object is not subscriptable
2017-04-08 12:37:30,725 [Thread-2:8428] [scantool.views:112] [views:scan] [ERROR]- 'tasksdata' object is not subscriptable
2017-04-08 12:37:57,281 [Thread-2:9728] [scantool.views:45] [views:search] [ERROR]- local variable 'result_list' referenced before assignment
2017-04-09 23:05:28,806 [Thread-3:10232] [scantool.views:121] [views:startjob] [ERROR]- 'int' object is not iterable
2017-04-09 23:06:41,604 [Thread-6:9700] [scantool.views:121] [views:startjob] [ERROR]- 'int' object is not iterable
2017-04-09 23:08:02,642 [Thread-3:2460] [scantool.views:122] [views:startjob] [ERROR]- 'int' object is not iterable
2017-04-09 23:08:44,122 [Thread-3:9984] [scantool.views:123] [views:startjob] [ERROR]- 'int' object is not iterable
2017-04-09 23:09:31,229 [Thread-3:7952] [scantool.views:123] [views:startjob] [ERROR]- 'int' object is not iterable
2017-04-09 23:10:42,512 [Thread-4:9908] [scantool.views:45] [views:search] [ERROR]- local variable 'result_list' referenced before assignment
2017-04-10 17:39:09,754 [Thread-3:13800] [scantool.views:45] [views:search] [ERROR]- local variable 'result_list' referenced before assignment
2017-04-10 17:39:49,175 [Thread-6:1944] [scantool.views:126] [views:startjob] [ERROR]- Error 10061 connecting to 127.0.0.1:6379. 由于目标计算机积极拒绝，无法连接。.
2017-04-10 17:40:46,473 [Thread-3:9400] [scantool.views:126] [views:startjob] [ERROR]- Error 10061 connecting to 127.0.0.1:6379. 由于目标计算机积极拒绝，无法连接。.
2017-04-10 17:41:05,360 [Thread-5:6776] [scantool.views:126] [views:startjob] [ERROR]- expected string or bytes-like object
2017-04-10 17:44:27,680 [Thread-4:836] [scantool.views:126] [views:startjob] [ERROR]- expected string or bytes-like object
2017-04-10 17:55:21,447 [Thread-4:2468] [scantool.views:45] [views:search] [ERROR]- local variable 'result_list' referenced before assignment
2017-04-10 17:55:23,623 [Thread-6:9376] [scantool.views:45] [views:search] [ERROR]- local variable 'result_list' referenced before assignment
2017-04-10 17:55:24,367 [Thread-7:14048] [scantool.views:22] [views:webscan] [ERROR]- 'NoneType' object has no attribute 'startswith'
2017-04-10 17:58:42,983 [Thread-4:13844] [scantool.views:45] [views:search] [ERROR]- local variable 'result_list' referenced before assignment
2017-04-10 21:16:41,932 [Thread-7:8528] [scantool.views:126] [views:startjob] [ERROR]- Error 10061 connecting to 127.0.0.1:6379. 由于目标计算机积极拒绝，无法连接。.
2017-04-10 21:17:06,911 [Thread-9:9836] [scantool.views:126] [views:startjob] [ERROR]- 'ConnectionPool' object has no attribute 'apply_async'
